#-----------------------------------------------------------
# Vivado v2018.3 (64-bit)
# SW Build 2405991 on Thu Dec  6 23:38:27 MST 2018
# IP Build 2404404 on Fri Dec  7 01:43:56 MST 2018
# Start of session at: Tue Jun 23 15:07:22 2026
# Process ID: 63976
# Current directory: D:/vivado/FPGA/traffic light
# Command line: vivado.exe -gui_launcher_event rodinguilauncherevent39920 D:\vivado\FPGA\traffic light\traffic light.xpr
# Log file: D:/vivado/FPGA/traffic light/vivado.log
# Journal file: D:/vivado/FPGA/traffic light\vivado.jou
#-----------------------------------------------------------
start_gui
open_project {D:/vivado/FPGA/traffic light/traffic light.xpr}
Scanning sources...
Finished scanning sources
INFO: [IP_Flow 19-234] Refreshing IP repositories
INFO: [IP_Flow 19-1704] No user IP repositories specified
INFO: [IP_Flow 19-2313] Loaded Vivado IP repository 'C:/Xilinx/Vivado/2018.3/data/ip'.
update_compile_order -fileset sources_1
exit
INFO: [Common 17-206] Exiting Vivado at Tue Jun 23 15:08:13 2026...
